[06:43:23] [User Authenticator #9/INFO]: UUID of player Falkaga is 65e094c9-baef-4277-9108-d47c875f90bc
[06:43:23] [Server thread/INFO]: Falkaga[/154.5.140.64:61722] logged in with entity id 82199 at (72.32580277596327, 81.0, 81.69999998807907)
[06:43:23] [Server thread/INFO]: Falkaga joined the game
[07:05:24] [Server thread/INFO]: [Falkaga: Set own game mode to Creative Mode]
[07:06:08] [Server thread/INFO]: [Falkaga: Set own game mode to Survival Mode]
[07:11:31] [Server thread/INFO]: Falkaga fell from a high place
[07:12:19] [Server thread/INFO]: Falkaga fell from a high place
[07:12:24] [Server thread/INFO]: [Falkaga: Set own game mode to Creative Mode]
[07:14:48] [Server thread/WARN]: Can't keep up! Is the server overloaded? Running 2555ms or 51 ticks behind
[07:19:52] [Server thread/WARN]: Falkaga moved too quickly! 9.167214743570455,0.0,-4.558445212232641
[07:19:52] [Server thread/WARN]: Can't keep up! Is the server overloaded? Running 3889ms or 77 ticks behind
[07:44:53] [Server thread/WARN]: Falkaga moved too quickly! -9.51644022657814,0.0,-5.099093213684682
[07:56:04] [Server thread/INFO]: [Falkaga: Set the weather to clear]
[08:01:51] [Server thread/INFO]: [Falkaga: Set own game mode to Survival Mode]
[08:10:46] [Server thread/INFO]: [Falkaga: Set own game mode to Creative Mode]
[08:11:05] [Server thread/INFO]: [Falkaga: Set own game mode to Survival Mode]
[08:17:10] [Server thread/INFO]: [Falkaga: Successfully filled 61 blocks]
[08:18:08] [Server thread/INFO]: [Falkaga: Teleported Falkaga to -29.5, 49.0, 119.5]
[08:18:12] [Server thread/INFO]: Falkaga suffocated in a wall
[08:18:23] [Server thread/INFO]: [Falkaga: Set own game mode to Creative Mode]
[08:18:26] [Server thread/INFO]: [Falkaga: Teleported Falkaga to -29.5, 80.0, 119.5]
[08:19:53] [Server thread/WARN]: Falkaga moved too quickly! 9.772903634824274,2.180501309045326,0.9519793641553065
[08:19:53] [Server thread/WARN]: Can't keep up! Is the server overloaded? Running 2084ms or 41 ticks behind
[08:20:18] [Server thread/INFO]: [Falkaga: Teleported Falkaga to -29.5, 50.0, 119.5]
[08:21:03] [Server thread/INFO]: [Falkaga: Teleported Falkaga to -29.5, 45.0, 119.5]
[08:21:12] [Server thread/INFO]: [Falkaga: Teleported Falkaga to 30.5, 50.0, 119.5]
[08:21:51] [Server thread/INFO]: [Falkaga: Successfully filled 16 blocks]
[08:22:14] [Server thread/INFO]: [Falkaga: Successfully filled 1 blocks]
[08:23:07] [Server thread/INFO]: [Falkaga: Successfully filled 121 blocks]
[08:23:28] [Server thread/INFO]: [Falkaga: Successfully filled 121 blocks]
[08:25:04] [Server thread/INFO]: [Falkaga: Successfully filled 11 blocks]
[08:25:10] [Server thread/INFO]: [Falkaga: Successfully filled 11 blocks]
[08:25:16] [Server thread/INFO]: [Falkaga: Set own game mode to Survival Mode]
[08:25:18] [Server thread/INFO]: [Falkaga: Successfully filled 11 blocks]
[08:25:52] [Server thread/INFO]: [Falkaga: Successfully filled 65 blocks]
[08:26:01] [Server thread/INFO]: [Falkaga: Successfully filled 75 blocks]
[08:26:07] [Server thread/INFO]: [Falkaga: Successfully filled 72 blocks]
[08:26:45] [Server thread/INFO]: [Falkaga: Successfully filled 3 blocks]
[08:29:10] [Server thread/INFO]: Falkaga lost connection: Disconnected
[08:29:10] [Server thread/INFO]: Falkaga left the game
[10:25:23] [User Authenticator #10/INFO]: UUID of player UNR3AL_L3ATH3RS is 2d3cd4aa-61cb-4875-82a8-c43481f7afe0
[10:25:23] [Server thread/INFO]: UNR3AL_L3ATH3RS[/66.183.229.151:64577] logged in with entity id 108893 at (73.60448938173025, 81.0, 67.14699725536543)
[10:25:23] [Server thread/INFO]: UNR3AL_L3ATH3RS joined the game
[10:52:09] [User Authenticator #11/INFO]: UUID of player Falkaga is 65e094c9-baef-4277-9108-d47c875f90bc
[10:52:09] [Server thread/INFO]: Falkaga[/154.5.140.64:54284] logged in with entity id 112170 at (64.61523010829649, 80.0, 71.8561916925823)
[10:52:09] [Server thread/INFO]: Falkaga joined the game
[10:52:22] [Server thread/INFO]: <Falkaga> holy fuck im retarded
[10:54:32] [Server thread/INFO]: [Falkaga: Set own game mode to Creative Mode]
[10:54:43] [Server thread/INFO]: [Falkaga: Set own game mode to Survival Mode]
[11:05:38] [Server thread/INFO]: Falkaga lost connection: Disconnected
[11:05:38] [Server thread/INFO]: Falkaga left the game
[11:19:53] [Server thread/WARN]: Can't keep up! Is the server overloaded? Running 2728ms or 54 ticks behind
[11:22:09] [Server thread/INFO]: UNR3AL_L3ATH3RS lost connection: Disconnected
[11:22:09] [Server thread/INFO]: UNR3AL_L3ATH3RS left the game
[15:08:45] [Server thread/INFO]: Saving the game (this may take a moment!)
[15:08:45] [Server thread/INFO]: Saved the game
[15:08:47] [Server thread/INFO]: Stopping the server
[15:08:47] [Server thread/INFO]: Stopping server
[15:08:47] [Server thread/INFO]: Saving players
[15:08:47] [Server thread/INFO]: Saving worlds
[15:08:47] [Server thread/INFO]: Saving chunks for level 'ServerLevel[world]'/minecraft:the_end
[15:08:47] [Server thread/INFO]: ThreadedAnvilChunkStorage (DIM1): All chunks are saved
[15:08:47] [Server thread/INFO]: Saving chunks for level 'ServerLevel[world]'/minecraft:overworld
[15:08:48] [Server thread/INFO]: ThreadedAnvilChunkStorage (world): All chunks are saved
[15:08:48] [Server thread/INFO]: Saving chunks for level 'ServerLevel[world]'/minecraft:the_nether
[15:08:48] [Server thread/INFO]: ThreadedAnvilChunkStorage (DIM-1): All chunks are saved
[15:08:48] [Server thread/INFO]: ThreadedAnvilChunkStorage (DIM1): All chunks are saved
[15:08:48] [Server thread/INFO]: ThreadedAnvilChunkStorage (world): All chunks are saved
[15:08:49] [Server thread/INFO]: ThreadedAnvilChunkStorage (DIM-1): All chunks are saved
